{"name":"Book a multiple destination flight","status":"broken","statusDetails":{"known":false,"muted":false,"flaky":false,"message":"element click intercepted: Element <button class=\"css-ya5gr9 wide\" data-testid=\"searchbox_submit\" style=\"font-size: 16px; font-weight: 400; line-height: 24px; font-family: BlinkMacSystemFont, -apple-system, &quot;Segoe UI&quot;, Roboto, Helvetica, Arial, sans-serif; flex: 0.4 1 0%; height: 56px; border-radius: 2px; white-space: nowrap; background-color: rgb(0, 113, 194);\">...</button> is not clickable at point (1282, 28). Other element would receive the click: <h3 aria-live=\"polite\" class=\"Text-module__root--variant-strong_1___S8jkH Calendar-module__month___MSwK+\">...</h3>\n  (Session info: chrome=107.0.5304.88)\nBuild info: version: '3.141.59', revision: 'e82be7d358', time: '2018-11-14T08:17:03'\nSystem info: host: 'QAKURSEVIONLINE', ip: '192.168.1.9', os.name: 'Windows 11', os.arch: 'amd64', os.version: '10.0', java.version: '1.8.0_321'\nDriver info: org.openqa.selenium.chrome.ChromeDriver\nCapabilities {acceptInsecureCerts: false, browserName: chrome, browserVersion: 107.0.5304.88, chrome: {chromedriverVersion: 107.0.5304.62 (1eec40d3a576..., userDataDir: C:\\Users\\aleks\\AppData\\Loca...}, goog:chromeOptions: {debuggerAddress: localhost:52117}, javascriptEnabled: true, networkConnectionEnabled: false, pageLoadStrategy: normal, platform: WINDOWS, platformName: WINDOWS, proxy: Proxy(), setWindowRect: true, strictFileInteractability: false, timeouts: {implicit: 0, pageLoad: 300000, script: 30000}, unhandledPromptBehavior: dismiss and notify, webauthn:extension:credBlob: true, webauthn:extension:largeBlob: true, webauthn:virtualAuthenticators: true}\nSession ID: ffbeeb5145d15c39416e3a9238f10b7e","trace":"org.openqa.selenium.ElementClickInterceptedException: element click intercepted: Element <button class=\"css-ya5gr9 wide\" data-testid=\"searchbox_submit\" style=\"font-size: 16px; font-weight: 400; line-height: 24px; font-family: BlinkMacSystemFont, -apple-system, &quot;Segoe UI&quot;, Roboto, Helvetica, Arial, sans-serif; flex: 0.4 1 0%; height: 56px; border-radius: 2px; white-space: nowrap; background-color: rgb(0, 113, 194);\">...</button> is not clickable at point (1282, 28). Other element would receive the click: <h3 aria-live=\"polite\" class=\"Text-module__root--variant-strong_1___S8jkH Calendar-module__month___MSwK+\">...</h3>\n  (Session info: chrome=107.0.5304.88)\nBuild info: version: '3.141.59', revision: 'e82be7d358', time: '2018-11-14T08:17:03'\nSystem info: host: 'QAKURSEVIONLINE', ip: '192.168.1.9', os.name: 'Windows 11', os.arch: 'amd64', os.version: '10.0', java.version: '1.8.0_321'\nDriver info: org.openqa.selenium.chrome.ChromeDriver\nCapabilities {acceptInsecureCerts: false, browserName: chrome, browserVersion: 107.0.5304.88, chrome: {chromedriverVersion: 107.0.5304.62 (1eec40d3a576..., userDataDir: C:\\Users\\aleks\\AppData\\Loca...}, goog:chromeOptions: {debuggerAddress: localhost:52117}, javascriptEnabled: true, networkConnectionEnabled: false, pageLoadStrategy: normal, platform: WINDOWS, platformName: WINDOWS, proxy: Proxy(), setWindowRect: true, strictFileInteractability: false, timeouts: {implicit: 0, pageLoad: 300000, script: 30000}, unhandledPromptBehavior: dismiss and notify, webauthn:extension:credBlob: true, webauthn:extension:largeBlob: true, webauthn:virtualAuthenticators: true}\nSession ID: ffbeeb5145d15c39416e3a9238f10b7e\r\n\tat sun.reflect.NativeConstructorAccessorImpl.newInstance0(Native Method)\r\n\tat sun.reflect.NativeConstructorAccessorImpl.newInstance(NativeConstructorAccessorImpl.java:62)\r\n\tat sun.reflect.DelegatingConstructorAccessorImpl.newInstance(DelegatingConstructorAccessorImpl.java:45)\r\n\tat java.lang.reflect.Constructor.newInstance(Constructor.java:423)\r\n\tat org.openqa.selenium.remote.http.W3CHttpResponseCodec.createException(W3CHttpResponseCodec.java:187)\r\n\tat org.openqa.selenium.remote.http.W3CHttpResponseCodec.decode(W3CHttpResponseCodec.java:122)\r\n\tat org.openqa.selenium.remote.http.W3CHttpResponseCodec.decode(W3CHttpResponseCodec.java:49)\r\n\tat org.openqa.selenium.remote.HttpCommandExecutor.execute(HttpCommandExecutor.java:158)\r\n\tat org.openqa.selenium.remote.service.DriverCommandExecutor.execute(DriverCommandExecutor.java:83)\r\n\tat org.openqa.selenium.remote.RemoteWebDriver.execute(RemoteWebDriver.java:552)\r\n\tat org.openqa.selenium.remote.RemoteWebElement.execute(RemoteWebElement.java:285)\r\n\tat org.openqa.selenium.remote.RemoteWebElement.click(RemoteWebElement.java:84)\r\n\tat sun.reflect.NativeMethodAccessorImpl.invoke0(Native Method)\r\n\tat sun.reflect.NativeMethodAccessorImpl.invoke(NativeMethodAccessorImpl.java:62)\r\n\tat sun.reflect.DelegatingMethodAccessorImpl.invoke(DelegatingMethodAccessorImpl.java:43)\r\n\tat java.lang.reflect.Method.invoke(Method.java:498)\r\n\tat org.openqa.selenium.support.pagefactory.internal.LocatingElementHandler.invoke(LocatingElementHandler.java:51)\r\n\tat com.sun.proxy.$Proxy19.click(Unknown Source)\r\n\tat pages.BasePage.clickElement(BasePage.java:49)\r\n\tat pages.booking.FlightsHomePage.search(FlightsHomePage.java:82)\r\n\tat steps.booking.BaseSteps.iClickSearchFlightsButton(BaseSteps.java:113)\r\n\tat ✽.I click search flights button(file:///C:/Users/aleks/OneDrive/Desktop/REPO/POMv15.1/src/test/java/features/booking/Flights.feature:10)\r\n"},"stage":"finished","steps":[{"name":"*  I read test data from \"Booking\" \"Flights\" by id \"FL_001\"","status":"passed","statusDetails":{"known":false,"muted":false,"flaky":false},"stage":"finished","steps":[],"attachments":[],"parameters":[],"start":1668024791949,"stop":1668024792307},{"name":"*  I am on the booking flights page","status":"passed","statusDetails":{"known":false,"muted":false,"flaky":false},"stage":"finished","steps":[],"attachments":[],"parameters":[],"start":1668024792315,"stop":1668024797794},{"name":"*  I select multiple destination option","status":"passed","statusDetails":{"known":false,"muted":false,"flaky":false},"stage":"finished","steps":[],"attachments":[],"parameters":[],"start":1668024797794,"stop":1668024798298},{"name":"*  I enter destinations","status":"passed","statusDetails":{"known":false,"muted":false,"flaky":false},"stage":"finished","steps":[],"attachments":[],"parameters":[],"start":1668024798298,"stop":1668024812418},{"name":"*  I click search flights button","status":"broken","statusDetails":{"known":false,"muted":false,"flaky":false,"message":"element click intercepted: Element <button class=\"css-ya5gr9 wide\" data-testid=\"searchbox_submit\" style=\"font-size: 16px; font-weight: 400; line-height: 24px; font-family: BlinkMacSystemFont, -apple-system, &quot;Segoe UI&quot;, Roboto, Helvetica, Arial, sans-serif; flex: 0.4 1 0%; height: 56px; border-radius: 2px; white-space: nowrap; background-color: rgb(0, 113, 194);\">...</button> is not clickable at point (1282, 28). Other element would receive the click: <h3 aria-live=\"polite\" class=\"Text-module__root--variant-strong_1___S8jkH Calendar-module__month___MSwK+\">...</h3>\n  (Session info: chrome=107.0.5304.88)\nBuild info: version: '3.141.59', revision: 'e82be7d358', time: '2018-11-14T08:17:03'\nSystem info: host: 'QAKURSEVIONLINE', ip: '192.168.1.9', os.name: 'Windows 11', os.arch: 'amd64', os.version: '10.0', java.version: '1.8.0_321'\nDriver info: org.openqa.selenium.chrome.ChromeDriver\nCapabilities {acceptInsecureCerts: false, browserName: chrome, browserVersion: 107.0.5304.88, chrome: {chromedriverVersion: 107.0.5304.62 (1eec40d3a576..., userDataDir: C:\\Users\\aleks\\AppData\\Loca...}, goog:chromeOptions: {debuggerAddress: localhost:52117}, javascriptEnabled: true, networkConnectionEnabled: false, pageLoadStrategy: normal, platform: WINDOWS, platformName: WINDOWS, proxy: Proxy(), setWindowRect: true, strictFileInteractability: false, timeouts: {implicit: 0, pageLoad: 300000, script: 30000}, unhandledPromptBehavior: dismiss and notify, webauthn:extension:credBlob: true, webauthn:extension:largeBlob: true, webauthn:virtualAuthenticators: true}\nSession ID: ffbeeb5145d15c39416e3a9238f10b7e","trace":"org.openqa.selenium.ElementClickInterceptedException: element click intercepted: Element <button class=\"css-ya5gr9 wide\" data-testid=\"searchbox_submit\" style=\"font-size: 16px; font-weight: 400; line-height: 24px; font-family: BlinkMacSystemFont, -apple-system, &quot;Segoe UI&quot;, Roboto, Helvetica, Arial, sans-serif; flex: 0.4 1 0%; height: 56px; border-radius: 2px; white-space: nowrap; background-color: rgb(0, 113, 194);\">...</button> is not clickable at point (1282, 28). Other element would receive the click: <h3 aria-live=\"polite\" class=\"Text-module__root--variant-strong_1___S8jkH Calendar-module__month___MSwK+\">...</h3>\n  (Session info: chrome=107.0.5304.88)\nBuild info: version: '3.141.59', revision: 'e82be7d358', time: '2018-11-14T08:17:03'\nSystem info: host: 'QAKURSEVIONLINE', ip: '192.168.1.9', os.name: 'Windows 11', os.arch: 'amd64', os.version: '10.0', java.version: '1.8.0_321'\nDriver info: org.openqa.selenium.chrome.ChromeDriver\nCapabilities {acceptInsecureCerts: false, browserName: chrome, browserVersion: 107.0.5304.88, chrome: {chromedriverVersion: 107.0.5304.62 (1eec40d3a576..., userDataDir: C:\\Users\\aleks\\AppData\\Loca...}, goog:chromeOptions: {debuggerAddress: localhost:52117}, javascriptEnabled: true, networkConnectionEnabled: false, pageLoadStrategy: normal, platform: WINDOWS, platformName: WINDOWS, proxy: Proxy(), setWindowRect: true, strictFileInteractability: false, timeouts: {implicit: 0, pageLoad: 300000, script: 30000}, unhandledPromptBehavior: dismiss and notify, webauthn:extension:credBlob: true, webauthn:extension:largeBlob: true, webauthn:virtualAuthenticators: true}\nSession ID: ffbeeb5145d15c39416e3a9238f10b7e\r\n\tat sun.reflect.NativeConstructorAccessorImpl.newInstance0(Native Method)\r\n\tat sun.reflect.NativeConstructorAccessorImpl.newInstance(NativeConstructorAccessorImpl.java:62)\r\n\tat sun.reflect.DelegatingConstructorAccessorImpl.newInstance(DelegatingConstructorAccessorImpl.java:45)\r\n\tat java.lang.reflect.Constructor.newInstance(Constructor.java:423)\r\n\tat org.openqa.selenium.remote.http.W3CHttpResponseCodec.createException(W3CHttpResponseCodec.java:187)\r\n\tat org.openqa.selenium.remote.http.W3CHttpResponseCodec.decode(W3CHttpResponseCodec.java:122)\r\n\tat org.openqa.selenium.remote.http.W3CHttpResponseCodec.decode(W3CHttpResponseCodec.java:49)\r\n\tat org.openqa.selenium.remote.HttpCommandExecutor.execute(HttpCommandExecutor.java:158)\r\n\tat org.openqa.selenium.remote.service.DriverCommandExecutor.execute(DriverCommandExecutor.java:83)\r\n\tat org.openqa.selenium.remote.RemoteWebDriver.execute(RemoteWebDriver.java:552)\r\n\tat org.openqa.selenium.remote.RemoteWebElement.execute(RemoteWebElement.java:285)\r\n\tat org.openqa.selenium.remote.RemoteWebElement.click(RemoteWebElement.java:84)\r\n\tat sun.reflect.NativeMethodAccessorImpl.invoke0(Native Method)\r\n\tat sun.reflect.NativeMethodAccessorImpl.invoke(NativeMethodAccessorImpl.java:62)\r\n\tat sun.reflect.DelegatingMethodAccessorImpl.invoke(DelegatingMethodAccessorImpl.java:43)\r\n\tat java.lang.reflect.Method.invoke(Method.java:498)\r\n\tat org.openqa.selenium.support.pagefactory.internal.LocatingElementHandler.invoke(LocatingElementHandler.java:51)\r\n\tat com.sun.proxy.$Proxy19.click(Unknown Source)\r\n\tat pages.BasePage.clickElement(BasePage.java:49)\r\n\tat pages.booking.FlightsHomePage.search(FlightsHomePage.java:82)\r\n\tat steps.booking.BaseSteps.iClickSearchFlightsButton(BaseSteps.java:113)\r\n\tat ✽.I click search flights button(file:///C:/Users/aleks/OneDrive/Desktop/REPO/POMv15.1/src/test/java/features/booking/Flights.feature:10)\r\n"},"stage":"finished","steps":[],"attachments":[],"parameters":[],"start":1668024812418,"stop":1668024814733}],"attachments":[],"parameters":[{"name":"TC_ID","value":"FL_001"}],"start":1668024782540,"stop":1668024815547,"uuid":"f016df40-9836-4281-a05a-d6d4beef535a","historyId":"1acd08a5cff7cbafc48326a450ad7168","fullName":"Flights: Book a multiple destination flight","labels":[{"name":"tag","value":"Flights"},{"name":"host","value":"QAKurseviOnline"},{"name":"thread","value":"12044@QAKurseviOnline.PoolService-0(16)"},{"name":"feature","value":"Flights"},{"name":"story","value":"Book a multiple destination flight"},{"name":"suite","value":"Flights"},{"name":"testClass","value":"Book a multiple destination flight"},{"name":"framework","value":"cucumber4jvm"},{"name":"language","value":"java"},{"name":"gherkin_uri","value":"file:///C:/Users/aleks/OneDrive/Desktop/REPO/POMv15.1/src/test/java/features/booking/Flights.feature"},{"name":"package","value":"src.test.java.features.booking.Flights_feature.Flights"}],"links":[]}